Virtual User Script started at: 09.10.2024 17:39:05
Starting action vuser_init.
Web Turbo Replay of LoadRunner 2020.0.0 for Windows 10; build 793 (ноя 27 2019 19:51:20)  	[MsgId: MMSG-26983]
Run mode: HTML  	[MsgId: MMSG-26993]
Replay user agent: Mozilla/5.0 (Windows NT 10.0; Win64; x64; rv:130.0) Gecko/20100101 Firefox/130.0  	[MsgId: MMSG-26988]
Runtime Settings file: "C:\Users\obori\Personal\VuGen\Scripts\UC2_SearchTicket\\default.cfg"  	[MsgId: MMSG-27141]
Ending action vuser_init.
Running Vuser...
Starting iteration 1.
Maximum number of concurrent connections per server: 6  	[MsgId: MMSG-26989]
Starting action Action.
Action.c(4): Notify: Transaction "UC2_SearchTicket" started.
Action.c(6): Notify: Transaction "open_web_tours" started.
Action.c(8): web_set_sockets_option started  	[MsgId: MMSG-26355]
Action.c(8): web_set_sockets_option was successful  	[MsgId: MMSG-26392]
Action.c(10): web_add_auto_header("Priority") started  	[MsgId: MMSG-26355]
Action.c(10): web_add_auto_header("Priority") was successful  	[MsgId: MMSG-26392]
Action.c(13): web_add_auto_header("Upgrade-Insecure-Requests") started  	[MsgId: MMSG-26355]
Action.c(13): web_add_auto_header("Upgrade-Insecure-Requests") was successful  	[MsgId: MMSG-26392]
Action.c(16): web_reg_save_param_ex started  	[MsgId: MMSG-26355]
Action.c(16): Registering web_reg_save_param_ex was successful  	[MsgId: MMSG-26390]
Action.c(17): web_reg_find started  	[MsgId: MMSG-26355]
Action.c(17): Registering web_reg_find was successful  	[MsgId: MMSG-26390]
Action.c(19): web_url("WebTours") started  	[MsgId: MMSG-26355]
Action.c(19): Detected non-resource "http://localhost:1080/WebTours/header.html" in "http://localhost:1080/WebTours/"  	[MsgId: MMSG-26574]
Action.c(19): Detected non-resource "http://localhost:1080/cgi-bin/welcome.pl?signOff=true" in "http://localhost:1080/WebTours/"  	[MsgId: MMSG-26574]
Action.c(19): Found resource "http://localhost:1080/WebTours/images/hp_logo.png" in HTML "http://localhost:1080/WebTours/header.html"  	[MsgId: MMSG-26659]
Action.c(19): Found resource "http://localhost:1080/WebTours/images/webtours.png" in HTML "http://localhost:1080/WebTours/header.html"  	[MsgId: MMSG-26659]
Action.c(19): Detected non-resource "http://localhost:1080/cgi-bin/nav.pl?in=home" in "http://localhost:1080/cgi-bin/welcome.pl?signOff=true"  	[MsgId: MMSG-26574]
Action.c(19): Detected non-resource "http://localhost:1080/WebTours/home.html" in "http://localhost:1080/cgi-bin/welcome.pl?signOff=true"  	[MsgId: MMSG-26574]
Action.c(19): Found resource "http://localhost:1080/WebTours/images/mer_login.gif" in HTML "http://localhost:1080/cgi-bin/nav.pl?in=home"  	[MsgId: MMSG-26659]
Action.c(19): Registered web_reg_find successful for "Text=Welcome to the Web Tours site." (count=1)  	[MsgId: MMSG-26364]
Action.c(19): web_url("WebTours") was successful, 10080 body bytes, 2371 header bytes, 24 chunking overhead bytes  	[MsgId: MMSG-26385]
Action.c(29): web_websocket_send started  	[MsgId: MMSG-26355]
Action.c(29): Warning -35046: The WebSocket whose ID is "1" is not connected  	[MsgId: MWAR-35046]
Action.c(29): web_websocket_send highest severity level was "warning"  	[MsgId: MMSG-26391]
Action.c(36): Notify: Transaction "open_web_tours" ended with a "Pass" status (Duration: 0,5052 Wasted Time: 0,1759).
Action.c(38): Notify: Transaction "login" started.
Action.c(40): web_reg_find started  	[MsgId: MMSG-26355]
Action.c(40): Registering web_reg_find was successful  	[MsgId: MMSG-26390]
Action.c(42): web_add_header("Origin") started  	[MsgId: MMSG-26355]
Action.c(42): web_add_header("Origin") was successful  	[MsgId: MMSG-26392]
Action.c(45): web_add_auto_header("Priority") started  	[MsgId: MMSG-26355]
Action.c(45): web_add_auto_header("Priority") was successful  	[MsgId: MMSG-26392]
Action.c(50): web_submit_data("login.pl") started  	[MsgId: MMSG-26355]
Action.c(50): Detected non-resource "http://localhost:1080/cgi-bin/nav.pl?page=menu&in=home" in "http://localhost:1080/cgi-bin/login.pl"  	[MsgId: MMSG-26574]
Action.c(50): Detected non-resource "http://localhost:1080/cgi-bin/login.pl?intro=true" in "http://localhost:1080/cgi-bin/login.pl"  	[MsgId: MMSG-26574]
Action.c(50): Found resource "http://localhost:1080/WebTours/images/flights.gif" in HTML "http://localhost:1080/cgi-bin/nav.pl?page=menu&in=home"  	[MsgId: MMSG-26659]
Action.c(50): Found resource "http://localhost:1080/WebTours/images/itinerary.gif" in HTML "http://localhost:1080/cgi-bin/nav.pl?page=menu&in=home"  	[MsgId: MMSG-26659]
Action.c(50): Found resource "http://localhost:1080/WebTours/images/in_home.gif" in HTML "http://localhost:1080/cgi-bin/nav.pl?page=menu&in=home"  	[MsgId: MMSG-26659]
Action.c(50): Found resource "http://localhost:1080/WebTours/images/signoff.gif" in HTML "http://localhost:1080/cgi-bin/nav.pl?page=menu&in=home"  	[MsgId: MMSG-26659]
Action.c(50): Registered web_reg_find successful for "Text=Welcome, <b>stitchAlien</b>, to the Web Tours reservation pages." (count=1)  	[MsgId: MMSG-26364]
Action.c(50): web_submit_data("login.pl") was successful, 5786 body bytes, 2075 header bytes, 36 chunking overhead bytes  	[MsgId: MMSG-26385]
Action.c(67): Notify: Transaction "login" ended with a "Pass" status (Duration: 0,2983 Wasted Time: 0,0115).
Action.c(71): Notify: Transaction "open_flights" started.
Action.c(73): web_reg_save_param_ex started  	[MsgId: MMSG-26355]
Action.c(73): Registering web_reg_save_param_ex was successful  	[MsgId: MMSG-26390]
Action.c(75): web_reg_find started  	[MsgId: MMSG-26355]
Action.c(75): Registering web_reg_find was successful  	[MsgId: MMSG-26390]
Action.c(78): web_url("Search Flights Button") started  	[MsgId: MMSG-26355]
Action.c(78): Detected non-resource "http://localhost:1080/cgi-bin/nav.pl?page=menu&in=flights" in "http://localhost:1080/cgi-bin/welcome.pl?page=search"  	[MsgId: MMSG-26574]
Action.c(78): Detected non-resource "http://localhost:1080/cgi-bin/reservations.pl?page=welcome" in "http://localhost:1080/cgi-bin/welcome.pl?page=search"  	[MsgId: MMSG-26574]
Action.c(78): Found resource "http://localhost:1080/WebTours/images/in_flights.gif" in HTML "http://localhost:1080/cgi-bin/nav.pl?page=menu&in=flights"  	[MsgId: MMSG-26659]
Action.c(78): Resource "http://localhost:1080/WebTours/images/itinerary.gif" is in the cache already and will not be downloaded again  	[MsgId: MMSG-26655]
Action.c(78): Found resource "http://localhost:1080/WebTours/images/home.gif" in HTML "http://localhost:1080/cgi-bin/nav.pl?page=menu&in=flights"  	[MsgId: MMSG-26659]
Action.c(78): Resource "http://localhost:1080/WebTours/images/signoff.gif" is in the cache already and will not be downloaded again  	[MsgId: MMSG-26655]
Action.c(78): Found resource "http://localhost:1080/WebTours/images/button_next.gif" in HTML "http://localhost:1080/cgi-bin/reservations.pl?page=welcome"  	[MsgId: MMSG-26659]
Action.c(78): Registered web_reg_find successful for "Text=<td align="left">Departure City :</td> <td><select name="depart" >" (count=1)  	[MsgId: MMSG-26364]
Action.c(78): web_url("Search Flights Button") was successful, 8516 body bytes, 1616 header bytes, 43 chunking overhead bytes  	[MsgId: MMSG-26385]
Action.c(88): Notify: Transaction "open_flights" ended with a "Pass" status (Duration: 0,3302 Wasted Time: 0,0092).
Action.c(90): Notify: Transaction "search" started.
Action.c(97): web_reg_find started  	[MsgId: MMSG-26355]
Action.c(97): Registering web_reg_find was successful  	[MsgId: MMSG-26390]
Action.c(99): web_add_auto_header("Origin") started  	[MsgId: MMSG-26355]
Action.c(99): web_add_auto_header("Origin") was successful  	[MsgId: MMSG-26392]
Action.c(104): web_submit_data("reservations.pl") started  	[MsgId: MMSG-26355]
Action.c(104): Resource "http://localhost:1080/WebTours/images/button_next.gif" is in the cache already and will not be downloaded again  	[MsgId: MMSG-26655]
Action.c(104): Registered web_reg_find successful for "Text=Flight departing from <B>London</B> to <B>Portland</B> on <B>10/09/2024</B>" (count=1)  	[MsgId: MMSG-26364]
Action.c(104): web_submit_data("reservations.pl") was successful, 2443 body bytes, 255 header bytes, 12 chunking overhead bytes  	[MsgId: MMSG-26385]
Action.c(128): Notify: Transaction "search" ended with a "Pass" status (Duration: 0,2648 Wasted Time: 0,0057).
Action.c(132): Notify: Transaction "logout" started.
Action.c(134): web_reg_find started  	[MsgId: MMSG-26355]
Action.c(134): Registering web_reg_find was successful  	[MsgId: MMSG-26390]
Action.c(136): web_url("SignOff Button") started  	[MsgId: MMSG-26355]
Action.c(136): Detected non-resource "http://localhost:1080/cgi-bin/nav.pl?in=home" in "http://localhost:1080/cgi-bin/welcome.pl?signOff=1"  	[MsgId: MMSG-26574]
Action.c(136): Detected non-resource "http://localhost:1080/WebTours/home.html" in "http://localhost:1080/cgi-bin/welcome.pl?signOff=1"  	[MsgId: MMSG-26574]
Action.c(136): Retrieving data from cache for "http://localhost:1080/WebTours/home.html"  	[MsgId: MMSG-26558]
Action.c(136): Resource "http://localhost:1080/WebTours/images/mer_login.gif" is in the cache already and will not be downloaded again  	[MsgId: MMSG-26655]
Action.c(136): Registered web_reg_find successful for "Text=Welcome to the Web Tours site." (count=1)  	[MsgId: MMSG-26364]
Action.c(136): web_url("SignOff Button") was successful, 2170 body bytes, 582 header bytes, 24 chunking overhead bytes  	[MsgId: MMSG-26385]
Action.c(146): Notify: Transaction "logout" ended with a "Pass" status (Duration: 0,2354 Wasted Time: 0,0064).
Action.c(147): Notify: Transaction "UC2_SearchTicket" ended with a "Pass" status (Duration: 1,7598 Wasted Time: 0,2086).
Ending action Action.
Ending iteration 1.
Ending Vuser...
Starting action vuser_end.
Ending action vuser_end.
Vuser Terminated.
